<?xml version="1.0" encoding="UTF-8"?>
<!-- Generated by org.testng.reporters.JUnitXMLReporter -->
<testsuite hostname="SYS_1" ignored="2" name="Test" tests="1" failures="0" timestamp="18 Jun 2018 05:35:48 GMT" time="35.545" errors="0">
  <testcase name="validatedateofbirth" time="33.361" classname="com.TestCases.Tc_01_Login"/>
  <testcase name="validatesearch" time="0.0" classname="com.TestCases.Tc_01_Login">
    <ignored/>
  </testcase> <!-- validatesearch -->
  <testcase name="validateSignin" time="0.0" classname="com.TestCases.Tc_01_Login">
    <ignored/>
  </testcase> <!-- validateSignin -->
</testsuite> <!-- Test -->
