<?xml version="1.0" encoding="UTF-8"?>
<testng-results skipped="0" failed="0" ignored="2" total="3" passed="1">
  <reporter-output>
  </reporter-output>
  <suite name="Suite" duration-ms="35545" started-at="2018-06-18T05:35:13Z" finished-at="2018-06-18T05:35:48Z">
    <groups>
    </groups>
    <test name="Test" duration-ms="35545" started-at="2018-06-18T05:35:13Z" finished-at="2018-06-18T05:35:48Z">
      <class name="com.TestCases.Tc_01_Login">
        <test-method status="PASS" signature="validatedateofbirth()[pri:0, instance:com.TestCases.Tc_01_Login@3ffc5af1]" name="validatedateofbirth" duration-ms="33361" started-at="2018-06-18T11:05:14Z" finished-at="2018-06-18T11:05:47Z">
          <reporter-output>
          </reporter-output>
        </test-method> <!-- validatedateofbirth -->
      </class> <!-- com.TestCases.Tc_01_Login -->
    </test> <!-- Test -->
  </suite> <!-- Suite -->
</testng-results>
